<?xml version="1.0" encoding="UTF-8"?>
<!-- Generated by org.testng.reporters.JUnitXMLReporter -->
<testsuite ignored="0" hostname="DESKTOP-VOV9HHV" failures="1" tests="2" name="Surefire test" time="4.575" errors="0" timestamp="2020-09-24T18:07:59 CEST">
  <testcase classname="io.cucumber.testng.AbstractTestNGCucumberTests" name="runScenario" time="2.257"/>
  <testcase classname="io.cucumber.testng.AbstractTestNGCucumberTests" name="runScenario" time="2.257">
    <failure type="java.lang.AssertionError" message="expected [1] but found [0]">
      <![CDATA[java.lang.AssertionError: expected [1] but found [0]
at org.example.StepDefinitions.addrModified(StepDefinitions.java:50)
at ✽.l'adresse de l'abonné modifiée est enregistrée sur l'ensemble des contrats de l'abonné(classpath:org/example/adresse.feature:7)
... Removed 6 stack frames]]>
    </failure>
  </testcase> <!-- runScenario -->
</testsuite> <!-- Surefire test -->
