-------------------------------------------------------------------------------
Test set: org.example.RunCucumberTest
-------------------------------------------------------------------------------
Tests run: 2, Failures: 1, Errors: 0, Skipped: 0, Time elapsed: 14.082 s <<< FAILURE! - in org.example.RunCucumberTest
runScenario(org.example.RunCucumberTest)  Time elapsed: 2.58 s  <<< FAILURE!
java.lang.AssertionError: expected [1] but found [0]

